<?xml version="1.0" encoding="UTF-8"?>
<!-- Generated by org.testng.reporters.JUnitXMLReporter -->
<testsuite hostname="EPKZKARW0334" name="GMailTest" tests="1" failures="1" timestamp="7 Sep 2017 04:19:21 GMT" time="18.38" errors="0">
  <testcase name="loginToAccountTest" time="17.218" classname="test.GMailTestPO">
    <failure type="java.lang.AssertionError" message="User isn&amp;apos;t logged in expected [true] but found [false]">
      <![CDATA[java.lang.AssertionError: User isn't logged in expected [true] but found [false]
	at test.GMailTestPO.loginToAccountTest(GMailTestPO.java:33)
	at test.runner.TestRunner.main(TestRunner.java:36)
	at com.intellij.rt.execution.application.AppMain.main(AppMain.java:140)
... Removed 29 stack frames]]>
    </failure>
  </testcase> <!-- loginToAccountTest -->
</testsuite> <!-- GMailTest -->
